[    0.000000] Initializing cgroup subsys cpuset
[    0.000000] Initializing cgroup subsys cpu
[    0.000000] Initializing cgroup subsys cpuacct
[    0.000000] Linux version 4.4.0-127-generic (buildd@lcy01-amd64-023) (gcc version 5.4.0 20160609 (Ubuntu 5.4.0-6ubuntu1~16.04.9) ) #153-Ubuntu SMP Sat May 19 10:58:46 UTC 2018 (Ubuntu 4.4.0-127.153-generic 4.4.128)
[    0.000000] Command line: BOOT_IMAGE=/boot/vmlinuz-4.4.0-127-generic root=UUID=b5702e2b-9f3b-42ad-8248-878e16b622c8 ro console=tty1 console=ttyS0
[    0.000000] KERNEL supported cpus:
[    0.000000]   Intel GenuineIntel
[    0.000000]   AMD AuthenticAMD
[    0.000000]   Centaur CentaurHauls
[    0.000000] ------------[ cut here ]------------
[    0.000000] WARNING: CPU: 0 PID: 0 at /build/linux-E14mqW/linux-4.4.0/arch/x86/kernel/fpu/xstate.c:517 fpu__init_system_xstate+0x38b/0x75a()
[    0.000000] XSAVE consistency problem, dumping leaves
[    0.000000] Modules linked in:
[    0.000000] CPU: 0 PID: 0 Comm: swapper Not tainted 4.4.0-127-generic #153-Ubuntu
[    0.000000]  0000000000000086 0bcbcdc11cd31c39 ffffffff81e03d70 ffffffff814001c3
[    0.000000]  ffffffff81e03db8 ffffffff81cacad8 ffffffff81e03da8 ffffffff81083432
[    0.000000]  ffffffff81e03e38 ffffffff81e03e3c 0000000000000008 0000000000000100
[    0.000000] Call Trace:
[    0.000000]  [<ffffffff814001c3>] dump_stack+0x63/0x90
[    0.000000]  [<ffffffff81083432>] warn_slowpath_common+0x82/0xc0
[    0.000000]  [<ffffffff810834cc>] warn_slowpath_fmt+0x5c/0x80
[    0.000000]  [<ffffffff8107efeb>] ? xfeature_size+0x59/0x77
[    0.000000]  [<ffffffff81f732b1>] fpu__init_system_xstate+0x38b/0x75a
[    0.000000]  [<ffffffff81f63120>] ? early_idt_handler_array+0x120/0x120
[    0.000000]  [<ffffffff81f72c1c>] fpu__init_system+0x10b/0x243
[    0.000000]  [<ffffffff81f73e46>] early_cpu_init+0x1da/0x1e0
[    0.000000]  [<ffffffff81f73e46>] ? early_cpu_init+0x1da/0x1e0
[    0.000000]  [<ffffffff81f6f1a6>] setup_arch+0xb4/0xd13
[    0.000000]  [<ffffffff81f63120>] ? early_idt_handler_array+0x120/0x120
[    0.000000]  [<ffffffff81f63c75>] start_kernel+0xe2/0x4a4
[    0.000000]  [<ffffffff81f63120>] ? early_idt_handler_array+0x120/0x120
[    0.000000]  [<ffffffff81f63339>] x86_64_start_reservations+0x2a/0x2c
[    0.000000]  [<ffffffff81f63485>] x86_64_start_kernel+0x14a/0x16d
[    0.000000] ---[ end trace 4d5ff9f2f68c4233 ]---
[    0.000000] CPUID[0d, 00]: eax=00000007 ebx=00000440 ecx=00000440 edx=00000000
[    0.000000] CPUID[0d, 01]: eax=00000000 ebx=00000440 ecx=00000000 edx=00000000
[    0.000000] CPUID[0d, 02]: eax=00000100 ebx=00000240 ecx=00000000 edx=00000000
[    0.000000] CPUID[0d, 03]: eax=00000000 ebx=00000000 ecx=00000000 edx=00000000
[    0.000000] CPUID[0d, 04]: eax=00000000 ebx=00000000 ecx=00000000 edx=00000000
[    0.000000] CPUID[0d, 05]: eax=00000000 ebx=00000000 ecx=00000000 edx=00000000
[    0.000000] CPUID[0d, 06]: eax=00000000 ebx=00000000 ecx=00000000 edx=00000000
[    0.000000] CPUID[0d, 07]: eax=00000000 ebx=00000000 ecx=00000000 edx=00000000
[    0.000000] CPUID[0d, 08]: eax=00000000 ebx=00000000 ecx=00000000 edx=00000000
[    0.000000] CPUID[0d, 09]: eax=00000000 ebx=00000000 ecx=00000000 edx=00000000
[    0.000000] CPUID[0d, 0a]: eax=00000000 ebx=00000000 ecx=00000000 edx=00000000
[    0.000000] CPUID[0d, 0b]: eax=00000000 ebx=00000000 ecx=00000000 edx=00000000
[    0.000000] CPUID[0d, 0c]: eax=00000000 ebx=00000000 ecx=00000000 edx=00000000
[    0.000000] CPUID[0d, 0d]: eax=00000000 ebx=00000000 ecx=00000000 edx=00000000
[    0.000000] CPUID[0d, 0e]: eax=00000000 ebx=00000000 ecx=00000000 edx=00000000
[    0.000000] CPUID[0d, 0f]: eax=00000000 ebx=00000000 ecx=00000000 edx=00000000
[    0.000000] CPUID[0d, 10]: eax=00000000 ebx=00000000 ecx=00000000 edx=00000000
[    0.000000] CPUID[0d, 11]: eax=00000000 ebx=00000000 ecx=00000000 edx=00000000
[    0.000000] x86/fpu: xstate_offset[2]:  576, xstate_sizes[2]:  256
[    0.000000] x86/fpu: Supporting XSAVE feature 0x01: 'x87 floating point registers'
[    0.000000] x86/fpu: Supporting XSAVE feature 0x02: 'SSE registers'
[    0.000000] x86/fpu: Supporting XSAVE feature 0x04: 'AVX registers'
[    0.000000] x86/fpu: Enabled xstate features 0x7, context size is 1088 bytes, using 'standard' format.
[    0.000000] x86/fpu: Using 'lazy' FPU context switches.
[    0.000000] e820: BIOS-provided physical RAM map:
[    0.000000] BIOS-e820: [mem 0x0000000000000000-0x000000000009fbff] usable
[    0.000000] BIOS-e820: [mem 0x000000000009fc00-0x000000000009ffff] reserved
[    0.000000] BIOS-e820: [mem 0x00000000000f0000-0x00000000000fffff] reserved
[    0.000000] BIOS-e820: [mem 0x0000000000100000-0x000000003ffeffff] usable
[    0.000000] BIOS-e820: [mem 0x000000003fff0000-0x000000003fffffff] ACPI data
[    0.000000] BIOS-e820: [mem 0x00000000fec00000-0x00000000fec00fff] reserved
[    0.000000] BIOS-e820: [mem 0x00000000fee00000-0x00000000fee00fff] reserved
[    0.000000] BIOS-e820: [mem 0x00000000fffc0000-0x00000000ffffffff] reserved
[    0.000000] NX (Execute Disable) protection: active
[    0.000000] SMBIOS 2.5 present.
[    0.000000] Hypervisor detected: KVM
[    0.000000] e820: last_pfn = 0x3fff0 max_arch_pfn = 0x400000000
[    0.000000] MTRR: Disabled
[    0.000000] x86/PAT: MTRRs disabled, skipping PAT initialization too.
[    0.000000] CPU MTRRs all blank - virtualized system.
[    0.000000] x86/PAT: Configuration [0-7]: WB  WT  UC- UC  WB  WT  UC- UC  
[    0.000000] found SMP MP-table at [mem 0x0009fff0-0x0009ffff] mapped at [ffff88000009fff0]
[    0.000000] Scanning 1 areas for low memory corruption
[    0.000000] RAMDISK: [mem 0x36208000-0x370fbfff]
[    0.000000] ACPI: Early table checksum verification disabled
[    0.000000] ACPI: RSDP 0x00000000000E0000 000024 (v02 VBOX  )
[    0.000000] ACPI: XSDT 0x000000003FFF0030 00003C (v01 VBOX   VBOXXSDT 00000001 ASL  00000061)
[    0.000000] ACPI: FACP 0x000000003FFF00F0 0000F4 (v04 VBOX   VBOXFACP 00000001 ASL  00000061)
[    0.000000] ACPI: DSDT 0x000000003FFF0470 0021FF (v02 VBOX   VBOXBIOS 00000002 INTL 20100528)
[    0.000000] ACPI: FACS 0x000000003FFF0200 000040
[    0.000000] ACPI: FACS 0x000000003FFF0200 000040
[    0.000000] ACPI: APIC 0x000000003FFF0240 00005C (v02 VBOX   VBOXAPIC 00000001 ASL  00000061)
[    0.000000] ACPI: SSDT 0x000000003FFF02A0 0001CC (v01 VBOX   VBOXCPUT 00000002 INTL 20100528)
[    0.000000] No NUMA configuration found
[    0.000000] Faking a node at [mem 0x0000000000000000-0x000000003ffeffff]
[    0.000000] NODE_DATA(0) allocated [mem 0x3ffeb000-0x3ffeffff]
[    0.000000] kvm-clock: Using msrs 4b564d01 and 4b564d00
[    0.000000] kvm-clock: cpu 0, msr 0:3ffe3001, primary cpu clock
[    0.000000] kvm-clock: using sched offset of 13686747946 cycles
[    0.000000] clocksource: kvm-clock: mask: 0xffffffffffffffff max_cycles: 0x1cd42e4dffb, max_idle_ns: 881590591483 ns
[    0.000000] Zone ranges:
[    0.000000]   DMA      [mem 0x0000000000001000-0x0000000000ffffff]
[    0.000000]   DMA32    [mem 0x0000000001000000-0x000000003ffeffff]
[    0.000000]   Normal   empty
[    0.000000]   Device   empty
[    0.000000] Movable zone start for each node
[    0.000000] Early memory node ranges
[    0.000000]   node   0: [mem 0x0000000000001000-0x000000000009efff]
[    0.000000]   node   0: [mem 0x0000000000100000-0x000000003ffeffff]
[    0.000000] Initmem setup node 0 [mem 0x0000000000001000-0x000000003ffeffff]
[    0.000000] ACPI: PM-Timer IO Port: 0x4008
[    0.000000] IOAPIC[0]: apic_id 2, version 32, address 0xfec00000, GSI 0-23
[    0.000000] ACPI: INT_SRC_OVR (bus 0 bus_irq 0 global_irq 2 dfl dfl)
[    0.000000] ACPI: INT_SRC_OVR (bus 0 bus_irq 9 global_irq 9 high level)
[    0.000000] Using ACPI (MADT) for SMP configuration information
[    0.000000] smpboot: Allowing 2 CPUs, 0 hotplug CPUs
[    0.000000] PM: Registered nosave memory: [mem 0x00000000-0x00000fff]
[    0.000000] PM: Registered nosave memory: [mem 0x0009f000-0x0009ffff]
[    0.000000] PM: Registered nosave memory: [mem 0x000a0000-0x000effff]
[    0.000000] PM: Registered nosave memory: [mem 0x000f0000-0x000fffff]
[    0.000000] e820: [mem 0x40000000-0xfebfffff] available for PCI devices
[    0.000000] Booting paravirtualized kernel on KVM
[    0.000000] clocksource: refined-jiffies: mask: 0xffffffff max_cycles: 0xffffffff, max_idle_ns: 7645519600211568 ns
[    0.000000] setup_percpu: NR_CPUS:512 nr_cpumask_bits:512 nr_cpu_ids:2 nr_node_ids:1
[    0.000000] PERCPU: Embedded 34 pages/cpu @ffff88003fc00000 s99544 r8192 d31528 u1048576
[    0.000000] PV qspinlock hash table entries: 256 (order: 0, 4096 bytes)
[    0.000000] Built 1 zonelists in Node order, mobility grouping on.  Total pages: 257912
[    0.000000] Policy zone: DMA32
[    0.000000] Kernel command line: BOOT_IMAGE=/boot/vmlinuz-4.4.0-127-generic root=UUID=b5702e2b-9f3b-42ad-8248-878e16b622c8 ro console=tty1 console=ttyS0
[    0.000000] PID hash table entries: 4096 (order: 3, 32768 bytes)
[    0.000000] Memory: 997208K/1048120K available (8537K kernel code, 1313K rwdata, 4000K rodata, 1512K init, 1316K bss, 50912K reserved, 0K cma-reserved)
[    0.000000] SLUB: HWalign=64, Order=0-3, MinObjects=0, CPUs=2, Nodes=1
[    0.000000] Kernel/User page tables isolation: enabled
[    0.000000] Hierarchical RCU implementation.
[    0.000000] 	Build-time adjustment of leaf fanout to 64.
[    0.000000] 	RCU restricting CPUs from NR_CPUS=512 to nr_cpu_ids=2.
[    0.000000] RCU: Adjusting geometry for rcu_fanout_leaf=64, nr_cpu_ids=2
[    0.000000] NR_IRQS:33024 nr_irqs:440 16
[    0.000000] Console: colour VGA+ 80x25
[    0.000000] console [tty1] enabled
[    0.000000] console [ttyS0] enabled
[    0.000000] tsc: Detected 2591.996 MHz processor
[    5.319841] Calibrating delay loop (skipped) preset value.. 5183.99 BogoMIPS (lpj=10367984)
[    5.374455] pid_max: default: 32768 minimum: 301
[    5.400378] ACPI: Core revision 20150930
[    5.427323] ACPI: 2 ACPI AML tables successfully acquired and loaded
[    5.467347] Security Framework initialized
[    5.492132] Yama: becoming mindful.
[    5.516318] AppArmor: AppArmor initialized
[    5.540898] Dentry cache hash table entries: 131072 (order: 8, 1048576 bytes)
[    5.583240] Inode-cache hash table entries: 65536 (order: 7, 524288 bytes)
[    5.622250] Mount-cache hash table entries: 2048 (order: 2, 16384 bytes)
[    5.655913] Mountpoint-cache hash table entries: 2048 (order: 2, 16384 bytes)
[    5.694094] Initializing cgroup subsys io
[    5.717477] Initializing cgroup subsys memory
[    5.742550] Initializing cgroup subsys devices
[    5.769048] Initializing cgroup subsys freezer
[    5.794704] Initializing cgroup subsys net_cls
[    5.820549] Initializing cgroup subsys perf_event
[    5.853545] Initializing cgroup subsys net_prio
[    5.878547] Initializing cgroup subsys hugetlb
[    5.919998] Initializing cgroup subsys pids
[    5.976404] CPU: Physical Processor ID: 0
[    6.004793] CPU: Processor Core ID: 0
[    6.031815] mce: CPU supports 0 MCE banks
[    6.055741] Last level iTLB entries: 4KB 64, 2MB 8, 4MB 8
[    6.083583] Last level dTLB entries: 4KB 64, 2MB 0, 4MB 0, 1GB 4
[    6.114216] Spectre V2 : Mitigation: Full generic retpoline
[    6.397031] Spectre V2 : Speculation control IBPB not-supported IBRS not-supported
[    6.436717] Spectre V2 : Filling RSB on context switch
[    6.477260] Speculative Store Bypass: Vulnerable
[    6.543578] Freeing SMP alternatives memory: 32K
[    6.713905] ftrace: allocating 32237 entries in 126 pages
[    7.471803] smpboot: APIC(0) Converting physical 0 to logical package 0
[    7.508073] smpboot: Max logical packages: 1
[    7.542791] x2apic enabled
[    7.575922] Switched APIC routing to physical x2apic.
[    7.667214] ..TIMER: vector=0x30 apic1=0 pin1=2 apic2=-1 pin2=-1
[    7.804704] smpboot: CPU0: Intel(R) Core(TM) i7-6500U CPU @ 2.50GHz (family: 0x6, model: 0x4e, stepping: 0x3)
[    7.871123] Performance Events: unsupported p6 CPU model 78 no PMU driver, software events only.
[    7.954169] KVM setup paravirtual spinlock
[    7.980346] x86: Booting SMP configuration:
[    8.006681] .... node  #0, CPUs:      #1
[    8.036383] kvm-clock: cpu 1, msr 0:3ffe3041, secondary cpu clock
[    8.070575] mce: CPU supports 0 MCE banks
[    8.088627] x86: Booted up 1 node, 2 CPUs
[    8.120212] smpboot: Total of 2 processors activated (10367.98 BogoMIPS)
[    8.160874] devtmpfs: initialized
[    8.210401] evm: security.selinux
[    8.258412] evm: security.SMACK64
[    8.283860] evm: security.SMACK64EXEC
[    8.307756] evm: security.SMACK64TRANSMUTE
[    8.332734] evm: security.SMACK64MMAP
[    8.356736] evm: security.ima
[    8.379722] evm: security.capability
[    8.403599] clocksource: jiffies: mask: 0xffffffff max_cycles: 0xffffffff, max_idle_ns: 7645041785100000 ns
[    8.465533] futex hash table entries: 512 (order: 3, 32768 bytes)
[    8.497605] pinctrl core: initialized pinctrl subsystem
[    8.528192] RTC time: 10:24:53, date: 06/04/18
[    8.554909] NET: Registered protocol family 16
[    8.587512] cpuidle: using governor ladder
[    8.620890] cpuidle: using governor menu
[    8.676360] PCCT header not found.
[    8.724243] ACPI: bus type PCI registered
[    8.772485] acpiphp: ACPI Hot Plug PCI Controller Driver version: 0.5
[    8.827767] PCI: Using configuration type 1 for base access
[    8.888652] ACPI: Added _OSI(Module Device)
[    8.948836] ACPI: Added _OSI(Processor Device)
[    8.976002] ACPI: Added _OSI(3.0 _SCP Extensions)
[    9.006072] ACPI: Added _OSI(Processor Aggregator Device)
[    9.042726] ACPI: Executed 1 blocks of module-level executable AML code
[    9.097343] ACPI: Interpreter enabled
[    9.119379] ACPI: (supports S0 S5)
[    9.140853] ACPI: Using IOAPIC for interrupt routing
[    9.170023] PCI: Using host bridge windows from ACPI; if necessary, use "pci=nocrs" and report a bug
[    9.251181] ACPI: PCI Root Bridge [PCI0] (domain 0000 [bus 00-ff])
[    9.283627] acpi PNP0A03:00: _OSC: OS supports [ASPM ClockPM Segments MSI]
[    9.341043] acpi PNP0A03:00: _OSC: not requesting OS control; OS requires [ExtendedConfig ASPM ClockPM MSI]
[    9.414643] acpi PNP0A03:00: fail to add MMCONFIG information, can't access extended PCI configuration space under this bridge.
[    9.485530] PCI host bridge to bus 0000:00
[    9.511209] pci_bus 0000:00: root bus resource [io  0x0000-0x0cf7 window]
[    9.549973] pci_bus 0000:00: root bus resource [io  0x0d00-0xffff window]
[    9.586447] pci_bus 0000:00: root bus resource [mem 0x000a0000-0x000bffff window]
[    9.634805] pci_bus 0000:00: root bus resource [mem 0x40000000-0xffdfffff window]
[    9.683622] pci_bus 0000:00: root bus resource [bus 00-ff]
[    9.762844] pci 0000:00:01.1: legacy IDE quirk: reg 0x10: [io  0x01f0-0x01f7]
[    9.802632] pci 0000:00:01.1: legacy IDE quirk: reg 0x14: [io  0x03f6]
[    9.837544] pci 0000:00:01.1: legacy IDE quirk: reg 0x18: [io  0x0170-0x0177]
[    9.874946] pci 0000:00:01.1: legacy IDE quirk: reg 0x1c: [io  0x0376]
[   10.060290] pci 0000:00:07.0: quirk: [io  0x4000-0x403f] claimed by PIIX4 ACPI
[   10.105722] pci 0000:00:07.0: quirk: [io  0x4100-0x410f] claimed by PIIX4 SMB
[   10.200383] ACPI: PCI Interrupt Link [LNKA] (IRQs 5 9 10 *11)
[   10.249044] ACPI: PCI Interrupt Link [LNKB] (IRQs 5 9 10 *11)
[   10.299534] ACPI: PCI Interrupt Link [LNKC] (IRQs 5 9 *10 11)
[   10.349614] ACPI: PCI Interrupt Link [LNKD] (IRQs 5 *9 10 11)
[   10.398166] ACPI: Enabled 2 GPEs in block 00 to 07
[   10.431183] vgaarb: setting as boot device: PCI:0000:00:02.0
[   10.469020] vgaarb: device added: PCI:0000:00:02.0,decodes=io+mem,owns=io+mem,locks=none
[   10.517033] vgaarb: loaded
[   10.537504] vgaarb: bridge control possible 0000:00:02.0
[   10.567716] SCSI subsystem initialized
[   10.591364] ACPI: bus type USB registered
[   10.614837] usbcore: registered new interface driver usbfs
[   10.644663] usbcore: registered new interface driver hub
[   10.676922] usbcore: registered new device driver usb
[   10.713067] PCI: Using ACPI for IRQ routing
[   10.748511] NetLabel: Initializing
[   10.773302] NetLabel:  domain hash size = 128
[   10.800104] NetLabel:  protocols = UNLABELED CIPSOv4
[   10.829249] NetLabel:  unlabeled traffic allowed by default
[   10.863314] amd_nb: Cannot enumerate AMD northbridges
[   10.897977] clocksource: Switched to clocksource kvm-clock
[   10.939716] AppArmor: AppArmor Filesystem Enabled
[   10.966600] pnp: PnP ACPI init
[   10.997150] pnp: PnP ACPI: found 3 devices
[   11.146605] clocksource: acpi_pm: mask: 0xffffff max_cycles: 0xffffff, max_idle_ns: 2085701024 ns
[   11.219958] NET: Registered protocol family 2
[   11.247335] TCP established hash table entries: 8192 (order: 4, 65536 bytes)
[   11.285527] TCP bind hash table entries: 8192 (order: 5, 131072 bytes)
[   11.320958] TCP: Hash tables configured (established 8192 bind 8192)
[   11.356443] UDP hash table entries: 512 (order: 2, 16384 bytes)
[   11.389083] UDP-Lite hash table entries: 512 (order: 2, 16384 bytes)
[   11.421192] NET: Registered protocol family 1
[   11.445001] pci 0000:00:00.0: Limiting direct PCI/PCI transfers
[   11.477757] pci 0000:00:01.0: Activating ISA DMA hang workarounds
[   11.510699] Unpacking initramfs...
[   12.089449] Freeing initrd memory: 15312K
[   12.114727] platform rtc_cmos: registered platform RTC device (no PNP device found)
[   12.160112] Scanning for low memory corruption every 60 seconds
[   12.193708] audit: initializing netlink subsys (disabled)
[   12.222795] audit: type=2000 audit(1528107903.022:1): initialized
[   12.257473] Initialise system trusted keyring
[   12.285799] HugeTLB registered 2 MB page size, pre-allocated 0 pages
[   12.321598] zbud: loaded
[   12.340683] VFS: Disk quotas dquot_6.6.0
[   12.364666] VFS: Dquot-cache hash table entries: 512 (order 0, 4096 bytes)
[   12.403965] squashfs: version 4.0 (2009/01/31) Phillip Lougher
[   12.437040] fuse init (API version 7.23)
[   12.459599] Key type big_key registered
[   12.481101] Allocating IMA MOK and blacklist keyrings.
[   12.520475] Key type asymmetric registered
[   12.545685] Asymmetric key parser 'x509' registered
[   12.575837] Block layer SCSI generic (bsg) driver version 0.4 loaded (major 249)
[   12.622886] io scheduler noop registered
[   12.648092] io scheduler deadline registered (default)
[   12.676242] io scheduler cfq registered
[   12.699879] pci_hotplug: PCI Hot Plug PCI Core version: 0.5
[   12.730341] pciehp: PCI Express Hot Plug Controller Driver version: 0.4
[   12.763951] ACPI: AC Adapter [AC] (off-line)
[   12.791979] input: Power Button as /devices/LNXSYSTM:00/LNXPWRBN:00/input/input0
[   12.837363] ACPI: Power Button [PWRF]
[   12.859857] input: Sleep Button as /devices/LNXSYSTM:00/LNXSLPBN:00/input/input1
[   12.903712] ACPI: Sleep Button [SLPF]
[   12.927706] GHES: HEST is not enabled!
[   12.960137] Serial: 8250/16550 driver, 32 ports, IRQ sharing enabled
[   12.963833] ACPI: Battery Slot [BAT0] (battery present)
[   13.116807] 00:02: ttyS0 at I/O 0x3f8 (irq = 4, base_baud = 115200) is a 16550A
[   13.223454] Linux agpgart interface v0.103
[   13.309574] loop: module loaded
[   13.344211] scsi host0: ata_piix
[   13.368492] scsi host1: ata_piix
[   13.390932] ata1: PATA max UDMA/33 cmd 0x1f0 ctl 0x3f6 bmdma 0xd000 irq 14
[   13.426632] ata2: PATA max UDMA/33 cmd 0x170 ctl 0x376 bmdma 0xd008 irq 15
[   13.467429] libphy: Fixed MDIO Bus: probed
[   13.491050] tun: Universal TUN/TAP device driver, 1.6
[   13.517222] tun: (C) 1999-2004 Max Krasnyansky <maxk@qualcomm.com>
[   13.548456] PPP generic driver version 2.4.2
[   13.573387] ehci_hcd: USB 2.0 'Enhanced' Host Controller (EHCI) Driver
[   13.607066] ehci-pci: EHCI PCI platform driver
[   13.633129] ehci-platform: EHCI generic platform driver
[   13.663381] ohci_hcd: USB 1.1 'Open' Host Controller (OHCI) Driver
[   13.699248] ohci-pci: OHCI PCI platform driver
[   13.728516] ohci-platform: OHCI generic platform driver
[   13.759549] uhci_hcd: USB Universal Host Controller Interface driver
[   13.795911] i8042: PNP: PS/2 Controller [PNP0303:PS2K,PNP0f03:PS2M] at 0x60,0x64 irq 1,12
[   13.852521] serio: i8042 KBD port at 0x60,0x64 irq 1
[   13.880621] serio: i8042 AUX port at 0x60,0x64 irq 12
[   13.908862] mousedev: PS/2 mouse device common for all mice
[   13.944897] rtc_cmos rtc_cmos: rtc core: registered rtc_cmos as rtc0
[   13.980141] input: AT Translated Set 2 keyboard as /devices/platform/i8042/serio0/input/input2
[   14.034753] rtc_cmos rtc_cmos: alarms up to one day, 114 bytes nvram
[   14.067377] i2c /dev entries driver
[   14.089433] device-mapper: uevent: version 1.0.3
[   14.118606] device-mapper: ioctl: 4.34.0-ioctl (2015-10-28) initialised: dm-devel@redhat.com
[   14.168765] ledtrig-cpu: registered to indicate activity on CPUs
[   14.208304] NET: Registered protocol family 10
[   14.235382] NET: Registered protocol family 17
[   14.263126] Key type dns_resolver registered
[   14.289738] registered taskstats version 1
[   14.316600] Loading compiled-in X.509 certificates
[   14.607948] Loaded X.509 cert 'Build time autogenerated kernel key: 9f6f572a3ee0cb468eb8db4aa61815bc74ef6adb'
[   14.662599] zswap: loaded using pool lzo/zbud
[   14.724561] Key type trusted registered
[   14.775245] Key type encrypted registered
[   14.798962] AppArmor: AppArmor sha1 policy hashing enabled
[   14.829850] ima: No TPM chip found, activating TPM-bypass!
[   14.860720] evm: HMAC attrs: 0x1
[   14.885673]   Magic number: 6:732:425
[   14.912328] rtc_cmos rtc_cmos: setting system clock to 2018-06-04 10:24:59 UTC (1528107899)
[   14.960037] BIOS EDD facility v0.16 2004-Jun-25, 0 devices found
[   14.995461] EDD information not available.
[   15.034001] Freeing unused kernel memory: 1512K
[   15.058552] Write protecting the kernel read-only data: 14336k
[   15.110037] Freeing unused kernel memory: 1692K
[   15.136324] Freeing unused kernel memory: 96K
Loading, please wait...
starting version 229
[   15.220534] random: systemd-udevd: uninitialized urandom read (16 bytes read, 9 bits of entropy available)
[   15.220952] random: udevadm: uninitialized urandom read (16 bytes read, 9 bits of entropy available)
[   15.220973] random: udevadm: uninitialized urandom read (16 bytes read, 9 bits of entropy available)
[   15.239009] random: udevadm: uninitialized urandom read (16 bytes read, 9 bits of entropy available)
[   15.239056] random: udevadm: uninitialized urandom read (16 bytes read, 9 bits of entropy available)
[   15.239254] random: udevadm: uninitialized urandom read (16 bytes read, 9 bits of entropy available)
[   15.239330] random: udevadm: uninitialized urandom read (16 bytes read, 9 bits of entropy available)
[   15.239403] random: udevadm: uninitialized urandom read (16 bytes read, 9 bits of entropy available)
[   15.239470] random: udevadm: uninitialized urandom read (16 bytes read, 9 bits of entropy available)
[   15.239541] random: udevadm: uninitialized urandom read (16 bytes read, 9 bits of entropy available)
[   15.851933] Fusion MPT base driver 3.04.20
[   15.875983] Copyright (c) 1999-2008 LSI Corporation
[   15.934234] e1000: Intel(R) PRO/1000 Network Driver - version 7.3.21-k8-NAPI
[   15.972196] e1000: Copyright (c) 1999-2006 Intel Corporation.
[   16.063806] AVX version of gcm_enc/dec engaged.
[   16.063888] Fusion MPT SPI Host driver 3.04.20
[   16.068656] mptbase: ioc0: Initiating bringup
[   16.146147] ioc0: LSI53C1030 A0: Capabilities={Initiator}
[   16.183185] AES CTR mode by8 optimization enabled
[   16.333512] input: ImExPS/2 Generic Explorer Mouse as /devices/platform/i8042/serio1/input/input4
[   16.386497] scsi host2: ioc0: LSI53C1030 A0, FwRev=00000000h, Ports=1, MaxQ=256, IRQ=20
[   16.571095] scsi 2:0:0:0: Direct-Access     VBOX     HARDDISK         1.0  PQ: 0 ANSI: 5
[   16.703274] scsi target2:0:0: Beginning Domain Validation
[   16.770881] scsi target2:0:0: Domain Validation skipping write tests
[   16.808527] scsi target2:0:0: Ending Domain Validation
[   16.838351] scsi target2:0:0: asynchronous
[   16.867485] scsi 2:0:1:0: Direct-Access     VBOX     HARDDISK         1.0  PQ: 0 ANSI: 5
[   16.923670] scsi target2:0:1: Beginning Domain Validation
[   16.981143] scsi target2:0:1: Domain Validation skipping write tests
[   17.018295] scsi target2:0:1: Ending Domain Validation
[   17.048402] scsi target2:0:1: asynchronous
[   17.105606] sd 2:0:0:0: Attached scsi generic sg0 type 0
[   17.137323] sd 2:0:1:0: Attached scsi generic sg1 type 0
[   17.166148] sd 2:0:1:0: [sdb] 20480 512-byte logical blocks: (10.5 MB/10.0 MiB)
[   17.167821] sd 2:0:1:0: [sdb] Write Protect is off
[   17.168716] sd 2:0:1:0: [sdb] Incomplete mode parameter data
[   17.168717] sd 2:0:1:0: [sdb] Assuming drive cache: write through
[   17.301353] sd 2:0:0:0: [sda] 20971520 512-byte logical blocks: (10.7 GB/10.0 GiB)
[   17.309596] sd 2:0:0:0: [sda] Write Protect is off
[   17.310691] sd 2:0:0:0: [sda] Incomplete mode parameter data
[   17.310693] sd 2:0:0:0: [sda] Assuming drive cache: write through
[   17.358683]  sda: sda1
[   17.358894] sd 2:0:1:0: [sdb] Attached SCSI disk
[   17.363274] sd 2:0:0:0: [sda] Attached SCSI disk
[   19.113374] e1000 0000:00:03.0 eth0: (PCI:33MHz:32-bit) 02:51:17:41:23:cb
[   19.153836] e1000 0000:00:03.0 eth0: Intel(R) PRO/1000 Network Connection
[   19.200375] e1000 0000:00:03.0 enp0s3: renamed from eth0
Begin: Loading essential drivers ... [   27.711084] md: linear personality registered for level -1
[   27.749491] md: multipath personality registered for level -4
[   27.791757] md: raid0 personality registered for level 0
[   27.842417] md: raid1 personality registered for level 1
[   27.950200] raid6: sse2x1   gen()  6194 MB/s
[   28.042279] raid6: sse2x1   xor()  3465 MB/s
[   28.130861] raid6: sse2x2   gen()  7629 MB/s
[   28.226404] raid6: sse2x2   xor()  5266 MB/s
[   28.318217] raid6: sse2x4   gen()  8358 MB/s
[   28.410276] raid6: sse2x4   xor()  5199 MB/s
[   28.433726] raid6: using algorithm sse2x4 gen() 8358 MB/s
[   28.465803] raid6: .... xor() 5199 MB/s, rmw enabled
[   28.496789] raid6: using ssse3x2 recovery algorithm
[   28.533259] xor: automatically using best checksumming function:
[   28.602366]    avx       : 11297.000 MB/sec
[   28.634085] async_tx: api initialized (async)
[   28.685861] md: raid6 personality registered for level 6
[   28.714672] md: raid5 personality registered for level 5
[   28.742584] md: raid4 personality registered for level 4
[   28.789395] md: raid10 personality registered for level 10
done.
Begin: Running /scripts/init-premount ... done.
Begin: Mounting root file system ... Begin: Running /scripts/local-top ... done.
Begin: Running /scripts/local-premount ... [   29.000083] Btrfs loaded
Scanning for Btrfs filesystems
done.
Warning: fsck not present, so skipping root file system
[   29.154137] EXT4-fs (sda1): mounted filesystem with ordered data mode. Opts: (null)
done.
Begin: Running /scripts/local-bottom ... done.
Begin: Running /scripts/init-bottom ... done.
[   29.881755] systemd[1]: systemd 229 running in system mode. (+PAM +AUDIT +SELINUX +IMA +APPARMOR +SMACK +SYSVINIT +UTMP +LIBCRYPTSETUP +GCRYPT +GNUTLS +ACL +XZ -LZ4 +SECCOMP +BLKID +ELFUTILS +KMOD -IDN)
[   29.973668] systemd[1]: Detected virtualization oracle.
[   30.003728] systemd[1]: Detected architecture x86-64.

Welcome to [1mUbuntu 16.04.3 LTS[0m!

[   30.086003] systemd[1]: Set hostname to <ubuntu-xenial>.
[   30.313163] random: nonblocking pool is initialized
[   30.697909] systemd[1]: Listening on Journal Socket.
[[0;32m  OK  [0m] Listening on Journal Socket.
[   30.748687] systemd[1]: Listening on Device-mapper event daemon FIFOs.
[[0;32m  OK  [0m] Listening on Device-mapper event daemon FIFOs.
[   30.808804] systemd[1]: Listening on Syslog Socket.
[[0;32m  OK  [0m] Listening on Syslog Socket.
[   30.882836] systemd[1]: Started Trigger resolvconf update for networkd DNS.
[[0;32m  OK  [0m] Started Trigger resolvconf update for networkd DNS.
[   30.966212] systemd[1]: Created slice System Slice.
[[0;32m  OK  [0m] Created slice System Slice.
[   31.038680] systemd[1]: Starting Create list of required static device nodes for the current kernel...
         Starting Create list of required st... nodes for the current kernel...
[   31.138285] systemd[1]: Starting Load Kernel Modules...
[   31.175259] Loading iSCSI transport class v2.0-870.
         Starting Load Kernel Modules...
[   31.216323] systemd[1]: Mounting Huge Pages File System...
         Mounting Huge Pages File System...
[   31.284364] systemd[1]: Set up automount Arbitrary Executable File Formats File System Automount Point.
[   31.339044] iscsi: registered transport (tcp)
[[0;32m  OK  [0m] Set up automount Arbitrary Executab...ats File System Automount Point.
[   31.393187] systemd[1]: Listening on Journal Socket (/dev/log).
[[0;32m  OK  [0m] Listening on Journal Socket (/dev/log).
[   31.460522] systemd[1]: Started Forward Password Requests to Wall Directory Watch.
[[0;32m  OK  [0m] Started Forward Password Requests to Wall Directory Watch.
[   31.558240] systemd[1]: Mounting POSIX Message Queue File System...
         Mounting POSIX Message Queue File System...
[   31.625472] systemd[1]: Starting Uncomplicated firewall...
         [   31.666364] iscsi: registered transport (iser)
Starting Uncomplicated firewall...
[   31.698157] systemd[1]: Listening on udev Control Socket.
[[0;32m  OK  [0m] Listening on udev Control Socket.
[   31.766472] systemd[1]: Listening on LVM2 poll daemon socket.
[[0;32m  OK  [0m] Listening on LVM2 poll daemon socket.
[   31.841259] systemd[1]: Reached target Encrypted Volumes.
[[0;32m  OK  [0m] Reached target Encrypted Volumes.
[   31.910703] systemd[1]: Reached target User and Group Name Lookups.
[[0;32m  OK  [0m] Reached target User and Group Name Lookups.
[   31.989508] systemd[1]: Listening on Journal Audit Socket.
[[0;32m  OK  [0m] Listening on Journal Audit Socket.
[   32.067543] systemd[1]: Listening on LVM2 metadata daemon socket.
[[0;32m  OK  [0m] Listening on LVM2 metadata daemon socket.
[   32.159331] systemd[1]: Starting Monitoring of LVM2 mirrors, snapshots etc. using dmeventd or progress polling...
         Starting Monitoring of LVM2 mirrors... dmeventd or progress polling...
[   32.268701] systemd[1]: Created slice system-serial\x2dgetty.slice.
[[0;32m  OK  [0m] Created slice system-serial\x2dgetty.slice.
[   32.345489] systemd[1]: Created slice User and Session Slice.
[[0;32m  OK  [0m] Created slice User and Session Slice.
[   32.417065] systemd[1]: Reached target Slices.
[[0;32m  OK  [0m] Reached target Slices.
[   32.494744] systemd[1]: Mounting Debug File System...
         Mounting Debug File System...
[   32.544679] systemd[1]: Listening on udev Kernel Socket.
[[0;32m  OK  [0m] Listening on udev Kernel Socket.
[   32.610670] systemd[1]: Starting Nameserver information manager...
         Starting Nameserver information manager...
[   32.673559] systemd[1]: Starting Remount Root and Kernel File Systems...
[   32.681773] EXT4-fs (sda1): re-mounted. Opts: (null)
         Starting Remount Root and Kernel File Systems...
[   32.767062] systemd[1]: Listening on /dev/initctl Compatibility Named Pipe.
[[0;32m  OK  [0m] Listening on /dev/initctl Compatibility Named Pipe.
[   32.843939] systemd[1]: Starting Journal Service...
         Starting Journal Service...
[   32.899509] systemd[1]: Starting Set console keymap...
         Starting Set console keymap...
[   32.952790] systemd[1]: Reached target Swap.
[[0;32m  OK  [0m] Reached target Swap.
[   33.036500] systemd[1]: Mounted POSIX Message Queue File System.
[[0;32m  OK  [0m] Mounted POSIX Message Queue File System.
[   33.107158] systemd[1]: Mounted Huge Pages File System.
[[0;32m  OK  [0m] Mounted Huge Pages File System.
[   33.168184] systemd[1]: Mounted Debug File System.
[[0;32m  OK  [0m] Mounted Debug File System.
[   33.231754] systemd[1]: Started Journal Service.
[[0;32m  OK  [0m] Started Journal Service.
[[0;32m  OK  [0m] Started Create list of required sta...ce nodes for the current kernel.
[[0;32m  OK  [0m] Started Load Kernel Modules.
[[0;32m  OK  [0m] Started Uncomplicated firewall.
[[0;32m  OK  [0m] Started Remount Root and Kernel File Systems.
[[0;32m  OK  [0m] Started Set console keymap.
[[0;32m  OK  [0m] Started Nameserver information manager.
[[0;32m  OK  [0m] Started LVM2 metadata daemon.
         Starting udev Coldplug all Devices...
         Starting Initial cloud-init job (pre-networking)...
         Starting Load/Save Random Seed...
         Mounting FUSE Control File System...
         Starting Apply Kernel Variables...
         Starting Create Static Device Nodes in /dev...
         Starting Flush Journal to Persistent Storage...
[[0;32m  OK  [0m] Mounted FUSE Control File System.
[[0;32m  OK  [0m] Started Load/Save Random Seed.
[[0;32m  OK  [0m] Started Apply Kernel Variables.
[[0;32m  OK  [0m] Started Create Static Device Nodes in /dev.
[[0;32m  OK  [0m] Started Monitoring of LVM2 mirrors,...ng dmeventd or progress polling.
[[0;32m  OK  [0m] Started udev Coldplug all Devices.
[[0;32m  OK  [0m] Started Flush Journal to Persistent Storage.
         Starting udev Kernel Device Manager...
[[0;32m  OK  [0m] Started udev Kernel Device Manager.
[[0;32m  OK  [0m] Reached target Local File Systems (Pre).
[[0;32m  OK  [0m] Reached target Local File Systems.
         Starting Tell Plymouth To Write Out Runtime Data...
         Starting Create Volatile Files and Directories...
         Starting Set console font and keymap...
         Starting LSB: AppArmor initialization...
[[0;32m  OK  [0m] Started Dispatch Password Requests to Console Directory Watch.
[[0;32m  OK  [0m] Started Tell Plymouth To Write Out Runtime Data.
[[0;32m  OK  [0m] Started Create Volatile Files and Directories.
[[0;32m  OK  [0m] Found device /dev/ttyS0.
         Starting Update UTMP about System Boot/Shutdown...
[[0;32m  OK  [0m] Reached target System Time Synchronized.
[[0;32m  OK  [0m] Started Update UTMP about System Boot/Shutdown.
[   27.557778] cloud-init[442]: Cloud-init v. 0.7.9 running 'init-local' at Mon, 04 Jun 2018 10:25:21 +0000. Up 26.88 seconds.
[[0;32m  OK  [0m] Started LSB: AppArmor initialization.
[[0;32m  OK  [0m] Started Initial cloud-init job (pre-networking).
[[0;32m  OK  [0m] Listening on Load/Save RF Kill Switch Status /dev/rfkill Watch.
[[0;32m  OK  [0m] Reached target Network (Pre).
[[0;32m  OK  [0m] Started ifup for enp0s3.
         Starting Raise network interfaces...
[[0;32m  OK  [0m] Started Set console font and keymap.
[[0;32m  OK  [0m] Created slice system-getty.slice.
[[0;32m  OK  [0m] Started Raise network interfaces.
[[0;32m  OK  [0m] Reached target Network.
         Starting Initial cloud-init job (metadata service crawler)...
[   49.240774] cloud-init[960]: Cloud-init v. 0.7.9 running 'init' at Mon, 04 Jun 2018 10:25:42 +0000. Up 48.28 seconds.
[   49.300530] cloud-init[960]: [[0;32m  OK  [0m] Started Initial cloud-init job (metadata service crawler).
ci-info: +++++++++++++++++++++++++++++++++++++Net device info++++++++++++++++++++++++++++++++++++++
[[   49.398203] cloud-init[960]: ci-info: +--------+------+----------------------------+---------------+-------+-------------------+
[   49.408606] cloud-init[960]: ci-info: | Device |  Up  |          Address           |      Mask     | Scope |     Hw-Address    |
[   49.408682] cloud-init[960]: ci-info: +--------+------+----------------------------+---------------+-------+-------------------+
[   49.408997] cloud-init[960]: ci-info: | enp0s3 | True |         10.0.2.15          | 255.255.255.0 |   .   | 02:51:17:41:23:cb |
[   49.425020] cloud-init[960]: ci-info: | enp0s3 | True | fe80::51:17ff:fe41:23cb/64 |       .       |  link | 02:51:17:41:23:cb |
[   49.444984] cloud-init[960]: ci-info: |   lo   | True |         127.0.0.1          |   255.0.0.0   |   .   |         .         |
[   49.445047] cloud-init[960]: ci-info: |   lo   | True |          ::1/128           |       .       |  host |         .         |
[   49.464132] cloud-init[960]: ci-info: +--------+------+----------------------------+---------------+-------+-------------------+
[   49.484472] cloud-init[960]: ci-info: +++++++++++++++++++++++++++Route IPv4 info++++++++++++++++++++++++++++
[   49.488336] cloud-init[960]: ci-info: +-------+-------------+----------+---------------+-----------+-------+
[   49.488397] cloud-init[960]: ci-info: | Route | Destination | Gateway  |    Genmask    | Interface | Flags |
[   49.488455] cloud-init[960]: ci-info: +-------+-------------+----------+---------------+-----------+-------+
[   49.488517] cloud-init[960]: ci-info: |   0   |   0.0.0.0   | 10.0.2.2 |    0.0.0.0    |   enp0s3  |   UG  |
[   49.488572] cloud-init[960]: ci-info: |   1   |   10.0.2.0  | 0.0.0.0  | 255.255.255.0 |   enp0s3  |   U   |
[   49.488627] cloud-init[960]: ci-info: +-------+-------------+----------+---------------+-----------+-------+
[0;32m  OK  [0m] Reached target Network is Online.
         Starting iSCSI initiator daemon (iscsid)...
[[0;32m  OK  [0m] Reached target System Initialization.
[[0;32m  OK  [0m] Started ACPI Events Check.
[[0;32m  OK  [0m] Reached target Paths.
[[0;32m  OK  [0m] Started Daily Cleanup of Temporary Directories.
[[0;32m  OK  [0m] Started Timer to automatically refresh installed snaps.
[[0;32m  OK  [0m] Listening on ACPID Listen Socket.
[[0;32m  OK  [0m] Started Daily apt download activities.
[[0;32m  OK  [0m] Started Daily apt upgrade and clean activities.
         Starting LXD - unix socket.
[[0;32m  OK  [0m] Listening on UUID daemon activation socket.
         Starting Socket activation for snappy daemon.
[[0;32m  OK  [0m] Started Timer to automatically fetch and run repair assertions.
[[0;32m  OK  [0m] Reached target Timers.
[[0;32m  OK  [0m] Listening on D-Bus System Message Bus Socket.
[[0;32m  OK  [0m] Reached target Cloud-config availability.
[[0;32m  OK  [0m] Listening on LXD - unix socket.
[[0;32m  OK  [0m] Listening on Socket activation for snappy daemon.
[[0;32m  OK  [0m] Started iSCSI initiator daemon (iscsid).
         Starting Login to default iSCSI targets...
[[0;32m  OK  [0m] Reached target Sockets.
[[0;32m  OK  [0m] Reached target Basic System.
         Starting Apply the settings specified in cloud-config...
[[0;32m  OK  [0m] Started ACPI event daemon.
         Starting /etc/rc.local Compatibility...
         Starting vboxadd-x11.service...
         Starting LSB: MD monitoring daemon...
         Starting System Logging Service...
[[0;32m  OK  [0m] Started Unattended Upgrades Shutdown.
         Starting Login Service...
         Starting LSB: Record successful boot for GRUB...
         Starting Snappy daemon...
[[0;32m  OK  [0m] Started Regular background program processing daemon.
[[0;32m  OK  [0m] Started Deferred execution scheduler.
[[0;32m  OK  [0m] Started D-Bus System Message Bus.
         Starting Accounts Service...
         Starting MySQL Community Server...
[[0;32m  OK  [0m] Started FUSE filesystem for LXC.
         Starting vboxadd.service...
         Starting OpenBSD Secure Shell server...
         Starting LXD - container startup/shutdown...
[[0;32m  OK  [0m] Started System Logging Service.
[[0;32m  OK  [0m] Started Snappy daemon.
[[0;32m  OK  [0m] Started OpenBSD Secure Shell server.
[[0;32m  OK  [0m] Started /etc/rc.local Compatibility.
[[0;32m  OK  [0m] Started vboxadd-x11.service.
[[0;32m  OK  [0m] Started LSB: Record successful boot for GRUB.
[[0;32m  OK  [0m] Started Login to default iSCSI targets.
[[0;32m  OK  [0m] Started LSB: MD monitoring daemon.
[[0;32m  OK  [0m] Started LXD - container startup/shutdown.
[[0;32m  OK  [0m] Started Login Service.
         Starting Authenticate and Authorize Users to Run Privileged Tasks...[   53.018132] cloud-init[1018]: Cloud-init v. 0.7.9 running 'modules:config' at Mon, 04 Jun 2018 10:25:46 +0000. Up 52.04 seconds.

[[0;32m  OK  [0m] Reached target Remote File Systems (Pre).
[[0;32m  OK  [0m] Reached target Remote File Systems.
         Starting LSB: automatic crash report generation...
         Starting Permit User Sessions...
         Starting LSB: daemon to balance interrupts for SMP systems...
         Starting LSB: Set the CPU Frequency Scaling governor to "ondemand"...
         Starting Auto import assertions from block devices...
[[0;32m  OK  [0m] Started Apply the settings specified in cloud-config.
[[0;32m  OK  [0m] Started Permit User Sessions.
[[0;32m  OK  [0m] Started Auto import assertions from block devices.
[[0;32m  OK  [0m] Started Authenticate and Authorize Users to Run Privileged Tasks.
[[0;32m  OK  [0m] Started Accounts Service.
[[0;32m  OK  [0m] Started vboxadd.service.
[[0;32m  OK  [0m] Started LSB: automatic crash report generation.
[[0;32m  OK  [0m] Started LSB: daemon to balance interrupts for SMP systems.
         Starting vboxadd-service.service...
         Starting Terminate Plymouth Boot Screen...
         Starting Hold until boot process finishes up...
[[0;32m  OK  [0m] Started LSB: Set the CPU Frequency Scaling governor to "ondemand".
[[0;32m  OK  [0m] Started vboxadd-service.service.
[[0;32m  OK  [0m] Started Terminate Plymouth Boot Screen.
[[0;32m  OK  [0m] Started Hold until boot process finishes up.
         Starting Set console scheme...
[[0;32m  OK  [0m] Started Serial Getty on ttyS0.
[[0;32m  OK  [0m] Started Getty on tty1.
[[0;32m  OK  [0m] Reached target Login Prompts.
[[0;32m  OK  [0m] Started Set console scheme.
[[0;32m  OK  [0m] Started MySQL Community Server.
[[0;32m  OK  [0m] Reached target Multi-User System.
[[0;32m  OK  [0m] Reached target Graphical Interface.
         Starting Execute cloud user/final scripts...
         Starting Update UTMP about System Runlevel Changes...
[[0;32m  OK  [0m] Started Update UTMP about System Runlevel Changes.
[   55.736537] cloud-init[1319]: Cloud-init v. 0.7.9 running 'modules:final' at Mon, 04 Jun 2018 10:25:49 +0000. Up 55.40 seconds.
[   55.782897] cloud-init[1319]: Cloud-init v. 0.7.9 finished at Mon, 04 Jun 2018 10:25:49 +0000. Datasource DataSourceNoCloud [seed=/dev/sdb][dsmode=net].  Up 55.72 seconds
[[0;32m  OK  [0m] Started Execute cloud user/final scripts.
[[0;32m  OK  [0m] Reached target Cloud-init target.

Ubuntu 16.04.3 LTS ubuntu-xenial ttyS0

ubuntu-xenial login: 